Cadence Genus(TM) Synthesis Solution.
Copyright 2025 Cadence Design Systems, Inc. All rights reserved worldwide.
Cadence and the Cadence logo are registered trademarks and Genus is a trademark
of Cadence Design Systems, Inc. in the United States and other countries.

[10:00:21.268065] Configured Lic search path (23.02-s006): 5280@vlsi5.localdomain

Version: 23.16-s067_1, built Thu Oct 30 03:19:39 PDT 2025
Options: syn_flow.tcl 
Date:    Sat Mar 14 10:00:21 2026
Host:    vlsi5.localdomain (x86_64 w/Linux 4.18.0-553.el8_10.x86_64) (20cores*80cpus*2physical cpus*Intel(R) Xeon(R) Gold 6138 CPU @ 2.00GHz 28160KB) (65314544KB)
PID:     29750
OS:      Red Hat Enterprise Linux 8.10 (Ootpa)

Checking out license: Genus_Synthesis
[10:00:21.302315] Periodic Lic check successful
[10:00:21.302331] Feature usage summary:
[10:00:21.302336] Genus_Synthesis
License checkout complete (0 seconds elapsed).
  Setting attribute of root '/': 'init_lib_search_path' = ../libs/timing_lib/slow/
invalid command name "rc_st::bg::send_errorInfo_if"
    while executing
"rc_st::bg::send_errorInfo_if [list set_db target_library {slow_vdd1v0_basicCells_hvt.lib slow_vdd1v0_basicCells.lib slow_vdd1v0_basicCells_lvt.lib}]"
    invoked from within
"set_db target_library {slow_vdd1v0_basicCells_hvt.lib slow_vdd1v0_basicCells.lib slow_vdd1v0_basicCells_lvt.lib}"
    (file "syn_flow.tcl" line 6)
Abnormal exit.
