============================================================
  Generated by:           Genus(TM) Synthesis Solution 23.16-s067_1
  Generated on:           Mar 06 2026  01:00:44 am
  Module:                 memory
  Technology library:     slow_vdd1v0 1.0
  Operating conditions:   PVT_0P9V_125C (balanced_tree)
  Wireload mode:          enclosed
  Area mode:              timing library
============================================================

                                  
    Gate      Instances    Area       Library    
-------------------------------------------------
AND2X1LVT             2     2.736    slow_vdd1v0 
AND2XLLVT             1     1.368    slow_vdd1v0 
AO22XLLVT            21    57.456    slow_vdd1v0 
AOI21X1LVT            1     1.710    slow_vdd1v0 
AOI21XLLVT            1     1.710    slow_vdd1v0 
AOI222X1LVT          10    30.780    slow_vdd1v0 
AOI22X1LVT           25    51.300    slow_vdd1v0 
AOI22XLLVT           61   125.172    slow_vdd1v0 
BUFX2LVT             14    23.940    slow_vdd1v0 
BUFX3LVT              1     2.052    slow_vdd1v0 
CLKAND2X2LVT         21    43.092    slow_vdd1v0 
CLKAND2X3LVT         13    40.014    slow_vdd1v0 
CLKAND2X6LVT          1     4.788    slow_vdd1v0 
CLKAND2X8LVT          1     5.814    slow_vdd1v0 
CLKINVX4LVT           3     5.130    slow_vdd1v0 
CLKINVX6LVT           1     2.394    slow_vdd1v0 
DFFHQX4LVT           17   139.536    slow_vdd1v0 
DFFQXLLVT           256  1400.832    slow_vdd1v0 
INVX1LVT             11     7.524    slow_vdd1v0 
INVX2LVT              8     8.208    slow_vdd1v0 
INVX3LVT              5     6.840    slow_vdd1v0 
INVXLLVT            271   185.364    slow_vdd1v0 
NAND2X1LVT           83    85.158    slow_vdd1v0 
NAND2X2LVT            4     6.840    slow_vdd1v0 
NAND2X4LVT            2     6.293    slow_vdd1v0 
NAND2X6LVT            2     9.131    slow_vdd1v0 
NAND2XLLVT          245   251.370    slow_vdd1v0 
NAND3BXLLVT           1     1.710    slow_vdd1v0 
NAND3X1LVT            6    10.260    slow_vdd1v0 
NOR2BX1LVT            1     1.368    slow_vdd1v0 
NOR2X1LVT             8     8.208    slow_vdd1v0 
NOR2X2LVT            14    23.940    slow_vdd1v0 
NOR2X4LVT            12    36.936    slow_vdd1v0 
NOR2X6LVT             2     8.208    slow_vdd1v0 
NOR3BX1LVT           28    57.456    slow_vdd1v0 
NOR3X1LVT             1     1.710    slow_vdd1v0 
NOR3X2LVT             2     5.472    slow_vdd1v0 
NOR3X6LVT             1     7.182    slow_vdd1v0 
NOR3XLLVT             1     1.710    slow_vdd1v0 
NOR4BX1LVT            1     2.394    slow_vdd1v0 
OAI21X1LVT            1     1.710    slow_vdd1v0 
OAI21X2LVT            1     3.078    slow_vdd1v0 
OAI21XLLVT          255   436.050    slow_vdd1v0 
OAI2BB1X1LVT          4     6.840    slow_vdd1v0 
OAI2BB1XLLVT          1     2.052    slow_vdd1v0 
OAI31X1LVT            1     2.052    slow_vdd1v0 
-------------------------------------------------
total              1422  3124.888                


                                         
     Type      Instances   Area   Area % 
-----------------------------------------
sequential           273 1540.368   49.3 
inverter             299  215.460    6.9 
buffer                15   25.992    0.8 
logic                835 1343.068   43.0 
physical_cells         0    0.000    0.0 
-----------------------------------------
total               1422 3124.888  100.0 

