============================================================
  Generated by:           Genus(TM) Synthesis Solution 23.16-s067_1
  Generated on:           Apr 17 2026  06:02:20 pm
  Module:                 memory
  Operating conditions:   PVT_0P9V_125C (balanced_tree)
  Wireload mode:          enclosed
  Area mode:              timing library
============================================================

Timing
--------

Clock Period 
-------------
mclk  1500.0 
vclk  1500.0 


  Cost    Critical         Violating 
 Group   Path Slack  TNS     Paths   
-------------------------------------
default    No paths   0.0            
mclk            1.6   0.0          0 
vclk          305.6   0.0          0 
-------------------------------------
Total                 0.0          0 

Instance Count
--------------
Leaf Instance Count             1062 
Physical Instance count            0 
Sequential Instance Count        273 
Combinational Instance Count     789 
Hierarchical Instance Count        0 

Area
----
Cell Area                          2672.730
Physical Cell Area                 0.000
Total Cell Area (Cell+Physical)    2672.730
Net Area                           0.000
Total Area (Cell+Physical+Net)     2672.730

Max Fanout                         273 (clk_i)
Min Fanout                         1 (ready_o)
Average Fanout                     2.5
Terms to net ratio                 3.4816
Terms to instance ratio            3.5603
Runtime                            96.898566 seconds
Elapsed Runtime                    1373 seconds
Genus peak memory usage            2168.64 
Innovus peak memory usage          no_value 
Hostname                           vlsi5.localdomain
