============================================================
  Generated by:           Genus(TM) Synthesis Solution 23.16-s067_1
  Generated on:           Apr 17 2026  06:01:42 pm
  Module:                 memory
  Operating conditions:   PVT_0P9V_125C (balanced_tree)
  Wireload mode:          enclosed
  Area mode:              timing library
============================================================


Path 1: MET (2 ps) Setup Check with Pin rdata_o_reg[5]/CK->D
          Group: mclk
     Startpoint: (F) addr_i[2]
          Clock: (R) vclk
       Endpoint: (R) rdata_o_reg[5]/D
          Clock: (R) mclk

                     Capture       Launch     
        Clock Edge:+    1500            0     
        Drv Adjust:+       0            2     
       Src Latency:+       0            0     
       Net Latency:+       0 (I)        0 (I) 
           Arrival:=    1500            2     
                                              
             Setup:-      67                  
       Uncertainty:-     300                  
     Required Time:=    1133                  
      Launch Clock:-       2                  
       Input Delay:-     700                  
         Data Path:-     430                  
             Slack:=       2                  

Exceptions/Constraints:
  input_delay             700             in_del_3_1   

#------------------------------------------------------------------------------------------
#  Timing Point    Flags   Arc   Edge    Cell     Fanout Load Trans Delay Arrival Instance 
#                                                        (fF)  (ps)  (ps)   (ps)  Location 
#------------------------------------------------------------------------------------------
  addr_i[2]        -       -     F     (arrival)       4  1.4    25     0     702    (-,-) 
  g25699/Y         -       A->Y  R     INVX1LVT        3  1.2    25    27     729    (-,-) 
  g25694__5122/Y   -       B->Y  F     NAND2X1LVT      3  1.2    60    51     780    (-,-) 
  g25681__1666/Y   -       B->Y  R     NOR2X1LVT       4  0.8    44    53     833    (-,-) 
  g25633__3680/Y   -       A->Y  R     AND2X1LVT      16  3.2    55   106     939    (-,-) 
  g25297__7410/Y   -       A1->Y F     AOI22XLLVT      1  0.2    79    82    1020    (-,-) 
  g25208__1666/Y   -       B->Y  R     NAND4XLLVT      1  0.2    38    59    1080    (-,-) 
  g24655__8246/Y   -       A->Y  R     OR2XLLVT        1  0.3    15    52    1132    (-,-) 
  rdata_o_reg[5]/D <<<     -     R     DFFHQX1LVT      1    -     -     0    1132    (-,-) 
#------------------------------------------------------------------------------------------

