============================================================
  Generated by:           Genus(TM) Synthesis Solution 23.16-s067_1
  Generated on:           Mar 06 2026  01:02:48 am
  Module:                 memory
  Technology library:     slow_vdd1v0 1.0
  Operating conditions:   PVT_0P9V_125C (balanced_tree)
  Wireload mode:          enclosed
  Area mode:              timing library
============================================================

Timing
--------

Clock Period 
-------------
mclk  1500.0 
vclk  1500.0 


  Cost    Critical              Violating 
 Group   Path Slack     TNS       Paths   
------------------------------------------
default    No paths        0.0            
mclk         -318.7   -81700.2        273 
vclk          -58.1     -987.3         17 
------------------------------------------
Total                 -82687.5        290 

Instance Count
--------------
Leaf Instance Count             1422 
Physical Instance count            0 
Sequential Instance Count        273 
Combinational Instance Count    1149 
Hierarchical Instance Count        0 

Area
----
Cell Area                          3124.888
Physical Cell Area                 0.000
Total Cell Area (Cell+Physical)    3124.888
Net Area                           0.000
Total Area (Cell+Physical+Net)     3124.888

Max Fanout                         273 (clk_i)
Min Fanout                         1 (mem[10][8])
Average Fanout                     2.2
Terms to net ratio                 3.1217
Terms to instance ratio            3.1744
Runtime                            228.15463400000007 seconds
Elapsed Runtime                    1711 seconds
Genus peak memory usage            2231.02 
Innovus peak memory usage          no_value 
Hostname                           vlsi5.localdomain
