============================================================
  Generated by:           Genus(TM) Synthesis Solution 23.16-s067_1
  Generated on:           Mar 10 2026  06:39:17 am
  Module:                 memory
  Operating conditions:   PVT_1P1V_0C (balanced_tree)
  Wireload mode:          enclosed
  Area mode:              timing library
============================================================


Path 1: MET (966 ps) Setup Check with Pin rdata_o_reg[15]/CK->D
          Group: mclk
     Startpoint: (R) rdata_o_reg[15]/CK
          Clock: (R) mclk
       Endpoint: (F) rdata_o_reg[15]/D
          Clock: (R) mclk

                     Capture       Launch     
        Clock Edge:+    1500            0     
       Src Latency:+       0            0     
       Net Latency:+       0 (I)        0 (I) 
           Arrival:=    1500            0     
                                              
             Setup:-       8                  
       Uncertainty:-     400                  
     Required Time:=    1092                  
      Launch Clock:-       0                  
         Data Path:-     127                  
             Slack:=     966                  

#---------------------------------------------------------------------------------------------
#   Timing Point     Flags   Arc   Edge    Cell      Fanout Load Trans Delay Arrival Instance 
#                                                           (fF)  (ps)  (ps)   (ps)  Location 
#---------------------------------------------------------------------------------------------
  rdata_o_reg[15]/CK <<<     -     R     (arrival)      273    -     0     0       0    (-,-) 
  rdata_o_reg[15]/Q  -       CK->Q F     DFFQXLLVT        2  8.5    60    59      59    (-,-) 
  g15480__1617/Y     -       B0->Y R     AOI222X1LVT      1  0.3    33    32      91    (-,-) 
  g15192__5477/Y     -       D->Y  F     NAND4XLLVT       1  0.3    23    20     111    (-,-) 
  g15176__5122/Y     -       B->Y  F     OR2XLLVT         1  0.3     4    16     127    (-,-) 
  rdata_o_reg[15]/D  <<<     -     F     DFFQXLLVT        1    -     -     0     127    (-,-) 
#---------------------------------------------------------------------------------------------



Path 2: MET (966 ps) Setup Check with Pin rdata_o_reg[14]/CK->D
          Group: mclk
     Startpoint: (R) rdata_o_reg[14]/CK
          Clock: (R) mclk
       Endpoint: (F) rdata_o_reg[14]/D
          Clock: (R) mclk

                     Capture       Launch     
        Clock Edge:+    1500            0     
       Src Latency:+       0            0     
       Net Latency:+       0 (I)        0 (I) 
           Arrival:=    1500            0     
                                              
             Setup:-       8                  
       Uncertainty:-     400                  
     Required Time:=    1092                  
      Launch Clock:-       0                  
         Data Path:-     127                  
             Slack:=     966                  

#---------------------------------------------------------------------------------------------
#   Timing Point     Flags   Arc   Edge    Cell      Fanout Load Trans Delay Arrival Instance 
#                                                           (fF)  (ps)  (ps)   (ps)  Location 
#---------------------------------------------------------------------------------------------
  rdata_o_reg[14]/CK <<<     -     R     (arrival)      273    -     0     0       0    (-,-) 
  rdata_o_reg[14]/Q  -       CK->Q F     DFFQXLLVT        2  8.5    60    59      59    (-,-) 
  g15479__8428/Y     -       B0->Y R     AOI222X1LVT      1  0.3    33    32      91    (-,-) 
  g15191__6417/Y     -       D->Y  F     NAND4XLLVT       1  0.3    23    20     111    (-,-) 
  g15175__1705/Y     -       B->Y  F     OR2XLLVT         1  0.3     4    16     127    (-,-) 
  rdata_o_reg[14]/D  <<<     -     F     DFFQXLLVT        1    -     -     0     127    (-,-) 
#---------------------------------------------------------------------------------------------



Path 3: MET (966 ps) Setup Check with Pin rdata_o_reg[13]/CK->D
          Group: mclk
     Startpoint: (R) rdata_o_reg[13]/CK
          Clock: (R) mclk
       Endpoint: (F) rdata_o_reg[13]/D
          Clock: (R) mclk

                     Capture       Launch     
        Clock Edge:+    1500            0     
       Src Latency:+       0            0     
       Net Latency:+       0 (I)        0 (I) 
           Arrival:=    1500            0     
                                              
             Setup:-       8                  
       Uncertainty:-     400                  
     Required Time:=    1092                  
      Launch Clock:-       0                  
         Data Path:-     127                  
             Slack:=     966                  

#---------------------------------------------------------------------------------------------
#   Timing Point     Flags   Arc   Edge    Cell      Fanout Load Trans Delay Arrival Instance 
#                                                           (fF)  (ps)  (ps)   (ps)  Location 
#---------------------------------------------------------------------------------------------
  rdata_o_reg[13]/CK <<<     -     R     (arrival)      273    -     0     0       0    (-,-) 
  rdata_o_reg[13]/Q  -       CK->Q F     DFFQXLLVT        2  8.5    60    59      59    (-,-) 
  g15478__2398/Y     -       B0->Y R     AOI222X1LVT      1  0.3    33    32      91    (-,-) 
  g15190__2398/Y     -       D->Y  F     NAND4XLLVT       1  0.3    23    20     111    (-,-) 
  g15174__3680/Y     -       B->Y  F     OR2XLLVT         1  0.3     4    16     127    (-,-) 
  rdata_o_reg[13]/D  <<<     -     F     DFFQXLLVT        1    -     -     0     127    (-,-) 
#---------------------------------------------------------------------------------------------



Path 4: MET (966 ps) Setup Check with Pin rdata_o_reg[12]/CK->D
          Group: mclk
     Startpoint: (R) rdata_o_reg[12]/CK
          Clock: (R) mclk
       Endpoint: (F) rdata_o_reg[12]/D
          Clock: (R) mclk

                     Capture       Launch     
        Clock Edge:+    1500            0     
       Src Latency:+       0            0     
       Net Latency:+       0 (I)        0 (I) 
           Arrival:=    1500            0     
                                              
             Setup:-       8                  
       Uncertainty:-     400                  
     Required Time:=    1092                  
      Launch Clock:-       0                  
         Data Path:-     127                  
             Slack:=     966                  

#---------------------------------------------------------------------------------------------
#   Timing Point     Flags   Arc   Edge    Cell      Fanout Load Trans Delay Arrival Instance 
#                                                           (fF)  (ps)  (ps)   (ps)  Location 
#---------------------------------------------------------------------------------------------
  rdata_o_reg[12]/CK <<<     -     R     (arrival)      273    -     0     0       0    (-,-) 
  rdata_o_reg[12]/Q  -       CK->Q F     DFFQXLLVT        2  8.5    60    59      59    (-,-) 
  g15477__7410/Y     -       B0->Y R     AOI222X1LVT      1  0.3    33    32      91    (-,-) 
  g15185__6161/Y     -       D->Y  F     NAND4XLLVT       1  0.3    23    20     111    (-,-) 
  g15169__8428/Y     -       B->Y  F     OR2XLLVT         1  0.3     4    16     127    (-,-) 
  rdata_o_reg[12]/D  <<<     -     F     DFFQXLLVT        1    -     -     0     127    (-,-) 
#---------------------------------------------------------------------------------------------

