============================================================
  Generated by:           Genus(TM) Synthesis Solution 23.16-s067_1
  Generated on:           Mar 10 2026  06:38:54 am
  Module:                 memory
  Operating conditions:   PVT_1P1V_0C (balanced_tree)
  Wireload mode:          enclosed
  Area mode:              timing library
============================================================


Path 1: MET (243 ps) Setup Check with Pin rdata_o_reg[15]/CK->D
          Group: mclk
     Startpoint: (R) valid_i
          Clock: (R) vclk
       Endpoint: (R) rdata_o_reg[15]/D
          Clock: (R) mclk

                     Capture       Launch     
        Clock Edge:+    1500            0     
        Drv Adjust:+       0            0     
       Src Latency:+       0            0     
       Net Latency:+       0 (I)        0 (I) 
           Arrival:=    1500            0     
                                              
             Setup:-      10                  
       Uncertainty:-     400                  
     Required Time:=    1090                  
      Launch Clock:-       0                  
       Input Delay:-     700                  
         Data Path:-     146                  
             Slack:=     243                  

Exceptions/Constraints:
  input_delay             700             in_del_1_1   

#--------------------------------------------------------------------------------------------
#   Timing Point    Flags   Arc   Edge    Cell      Fanout Load Trans Delay Arrival Instance 
#                                                          (fF)  (ps)  (ps)   (ps)  Location 
#--------------------------------------------------------------------------------------------
  valid_i           <<<     -     R     (arrival)        3  1.4     7     0     700    (-,-) 
  g15931__5107/Y    -       AN->Y R     NOR2BX1LVT       2  0.9    12    16     716    (-,-) 
  g16226/Y          -       AN->Y R     NOR2BX1LVT       2  1.0    13    17     733    (-,-) 
  g15905__1617/Y    -       B->Y  F     NAND2X1LVT       4  2.0    22    15     748    (-,-) 
  g15879__6783/Y    -       B->Y  R     NOR2X1LVT       16  7.8    73    45     793    (-,-) 
  g15480__1617/Y    -       A1->Y F     AOI222X1LVT      1  0.3    36    31     824    (-,-) 
  g15192__5477/Y    -       D->Y  R     NAND4XLLVT       1  0.4    15    13     837    (-,-) 
  g15176__5122/Y    -       B->Y  R     OR2XLLVT         1  0.3     4    10     846    (-,-) 
  rdata_o_reg[15]/D <<<     -     R     DFFQXLLVT        1    -     -     0     846    (-,-) 
#--------------------------------------------------------------------------------------------



Path 2: MET (243 ps) Setup Check with Pin rdata_o_reg[14]/CK->D
          Group: mclk
     Startpoint: (R) valid_i
          Clock: (R) vclk
       Endpoint: (R) rdata_o_reg[14]/D
          Clock: (R) mclk

                     Capture       Launch     
        Clock Edge:+    1500            0     
        Drv Adjust:+       0            0     
       Src Latency:+       0            0     
       Net Latency:+       0 (I)        0 (I) 
           Arrival:=    1500            0     
                                              
             Setup:-      10                  
       Uncertainty:-     400                  
     Required Time:=    1090                  
      Launch Clock:-       0                  
       Input Delay:-     700                  
         Data Path:-     146                  
             Slack:=     243                  

Exceptions/Constraints:
  input_delay             700             in_del_1_1   

#--------------------------------------------------------------------------------------------
#   Timing Point    Flags   Arc   Edge    Cell      Fanout Load Trans Delay Arrival Instance 
#                                                          (fF)  (ps)  (ps)   (ps)  Location 
#--------------------------------------------------------------------------------------------
  valid_i           <<<     -     R     (arrival)        3  1.4     7     0     700    (-,-) 
  g15931__5107/Y    -       AN->Y R     NOR2BX1LVT       2  0.9    12    16     716    (-,-) 
  g16226/Y          -       AN->Y R     NOR2BX1LVT       2  1.0    13    17     733    (-,-) 
  g15905__1617/Y    -       B->Y  F     NAND2X1LVT       4  2.0    22    15     748    (-,-) 
  g15879__6783/Y    -       B->Y  R     NOR2X1LVT       16  7.8    73    45     793    (-,-) 
  g15479__8428/Y    -       A1->Y F     AOI222X1LVT      1  0.3    36    31     824    (-,-) 
  g15191__6417/Y    -       D->Y  R     NAND4XLLVT       1  0.4    15    13     837    (-,-) 
  g15175__1705/Y    -       B->Y  R     OR2XLLVT         1  0.3     4    10     846    (-,-) 
  rdata_o_reg[14]/D <<<     -     R     DFFQXLLVT        1    -     -     0     846    (-,-) 
#--------------------------------------------------------------------------------------------



Path 3: MET (243 ps) Setup Check with Pin rdata_o_reg[13]/CK->D
          Group: mclk
     Startpoint: (R) valid_i
          Clock: (R) vclk
       Endpoint: (R) rdata_o_reg[13]/D
          Clock: (R) mclk

                     Capture       Launch     
        Clock Edge:+    1500            0     
        Drv Adjust:+       0            0     
       Src Latency:+       0            0     
       Net Latency:+       0 (I)        0 (I) 
           Arrival:=    1500            0     
                                              
             Setup:-      10                  
       Uncertainty:-     400                  
     Required Time:=    1090                  
      Launch Clock:-       0                  
       Input Delay:-     700                  
         Data Path:-     146                  
             Slack:=     243                  

Exceptions/Constraints:
  input_delay             700             in_del_1_1   

#--------------------------------------------------------------------------------------------
#   Timing Point    Flags   Arc   Edge    Cell      Fanout Load Trans Delay Arrival Instance 
#                                                          (fF)  (ps)  (ps)   (ps)  Location 
#--------------------------------------------------------------------------------------------
  valid_i           <<<     -     R     (arrival)        3  1.4     7     0     700    (-,-) 
  g15931__5107/Y    -       AN->Y R     NOR2BX1LVT       2  0.9    12    16     716    (-,-) 
  g16226/Y          -       AN->Y R     NOR2BX1LVT       2  1.0    13    17     733    (-,-) 
  g15905__1617/Y    -       B->Y  F     NAND2X1LVT       4  2.0    22    15     748    (-,-) 
  g15879__6783/Y    -       B->Y  R     NOR2X1LVT       16  7.8    73    45     793    (-,-) 
  g15478__2398/Y    -       A1->Y F     AOI222X1LVT      1  0.3    36    31     824    (-,-) 
  g15190__2398/Y    -       D->Y  R     NAND4XLLVT       1  0.4    15    13     837    (-,-) 
  g15174__3680/Y    -       B->Y  R     OR2XLLVT         1  0.3     4    10     846    (-,-) 
  rdata_o_reg[13]/D <<<     -     R     DFFQXLLVT        1    -     -     0     846    (-,-) 
#--------------------------------------------------------------------------------------------



Path 4: MET (243 ps) Setup Check with Pin rdata_o_reg[12]/CK->D
          Group: mclk
     Startpoint: (R) valid_i
          Clock: (R) vclk
       Endpoint: (R) rdata_o_reg[12]/D
          Clock: (R) mclk

                     Capture       Launch     
        Clock Edge:+    1500            0     
        Drv Adjust:+       0            0     
       Src Latency:+       0            0     
       Net Latency:+       0 (I)        0 (I) 
           Arrival:=    1500            0     
                                              
             Setup:-      10                  
       Uncertainty:-     400                  
     Required Time:=    1090                  
      Launch Clock:-       0                  
       Input Delay:-     700                  
         Data Path:-     146                  
             Slack:=     243                  

Exceptions/Constraints:
  input_delay             700             in_del_1_1   

#--------------------------------------------------------------------------------------------
#   Timing Point    Flags   Arc   Edge    Cell      Fanout Load Trans Delay Arrival Instance 
#                                                          (fF)  (ps)  (ps)   (ps)  Location 
#--------------------------------------------------------------------------------------------
  valid_i           <<<     -     R     (arrival)        3  1.4     7     0     700    (-,-) 
  g15931__5107/Y    -       AN->Y R     NOR2BX1LVT       2  0.9    12    16     716    (-,-) 
  g16226/Y          -       AN->Y R     NOR2BX1LVT       2  1.0    13    17     733    (-,-) 
  g15905__1617/Y    -       B->Y  F     NAND2X1LVT       4  2.0    22    15     748    (-,-) 
  g15879__6783/Y    -       B->Y  R     NOR2X1LVT       16  7.8    73    45     793    (-,-) 
  g15477__7410/Y    -       A1->Y F     AOI222X1LVT      1  0.3    36    31     824    (-,-) 
  g15185__6161/Y    -       D->Y  R     NAND4XLLVT       1  0.4    15    13     837    (-,-) 
  g15169__8428/Y    -       B->Y  R     OR2XLLVT         1  0.3     4    10     846    (-,-) 
  rdata_o_reg[12]/D <<<     -     R     DFFQXLLVT        1    -     -     0     846    (-,-) 
#--------------------------------------------------------------------------------------------

