============================================================
  Generated by:           Genus(TM) Synthesis Solution 23.16-s067_1
  Generated on:           Mar 06 2026  01:18:05 am
  Module:                 memory
  Operating conditions:   PVT_0P9V_125C (balanced_tree)
  Wireload mode:          enclosed
  Area mode:              timing library
============================================================


Path 1: VIOLATED (-319 ps) Setup Check with Pin rdata_o_reg[11]/CK->D
          Group: mclk
     Startpoint: (F) wr_rd_i
          Clock: (R) vclk
       Endpoint: (R) rdata_o_reg[11]/D
          Clock: (R) mclk

                     Capture       Launch     
        Clock Edge:+    1500            0     
        Drv Adjust:+       0           10     
       Src Latency:+       0            0     
       Net Latency:+       0 (I)        0 (I) 
           Arrival:=    1500           10     
                                              
             Setup:-      70                  
       Uncertainty:-     400                  
     Required Time:=    1030                  
      Launch Clock:-      10                  
       Input Delay:-    1000                  
         Data Path:-     339                  
             Slack:=    -319                  

Exceptions/Constraints:
  input_delay             1000            in_del_22_1   

#--------------------------------------------------------------------------------------------
#   Timing Point    Flags   Arc   Edge    Cell      Fanout Load Trans Delay Arrival Instance 
#                                                          (fF)  (ps)  (ps)   (ps)  Location 
#--------------------------------------------------------------------------------------------
  wr_rd_i           -       -     F     (arrival)        6  8.0    40     0    1010    (-,-) 
  g22647__2883/Y    -       B->Y  R     NOR2X2LVT        1  1.8    44    44    1054    (-,-) 
  g53/Y             -       B->Y  F     NAND2X4LVT       4  3.6    55    52    1106    (-,-) 
  g1879/Y           -       A->Y  R     NOR2X6LVT       13  5.2    46    52    1158    (-,-) 
  g22181__23672/Y   -       A1->Y F     AOI222X1LVT      1  0.2    98    91    1249    (-,-) 
  g24248/Y          -       AN->Y F     NOR3BX1LVT       1  0.4    27    74    1324    (-,-) 
  g24247/Y          -       A->Y  R     NAND2X1LVT       1  0.3    18    25    1349    (-,-) 
  rdata_o_reg[11]/D <<<     -     R     DFFHQX4LVT       1    -     -     0    1349    (-,-) 
#--------------------------------------------------------------------------------------------

