###############################################################
#  Generated by:      Cadence Innovus 23.16-s070_1
#  OS:                Linux x86_64(Host ID vlsi5.localdomain)
#  Generated on:      Thu Apr  9 11:48:59 2026
#  Design:            memory
#  Command:           report_clock_timing -type latency -verbose > ./reports/latency.rpt 
###############################################################

  Clock: mclk
  Analysis View: func_ss

        ---Latency---
    Source        Network          Total         Clock Pin
---------------------------------------------------------------------------
      0.000         0.224          0.224	r    mem_reg[14][3]/CK

 Clock latency Path
     Clock Rise Edge                      0.000
     + Drive Adjustment                   0.018
     = Beginpoint Arrival Time            0.018
     Other End Path:
     +------------------------------------------------------------------+ 
     |      Instance       |    Arc     |    Cell     | Delay |  Clock  | 
     |                     |            |             |       | Latency | 
     |---------------------+------------+-------------+-------+---------| 
     |                     | clk_i ^    |             |       |   0.018 | 
     | CTS_ccl_a_buf_00115 | A ^ -> Y ^ | CLKBUFX2LVT | 0.101 |   0.119 | 
     | CTS_ccl_a_buf_00081 | A ^ -> Y ^ | CLKBUFX2LVT | 0.105 |   0.224 | 
     | mem_reg[14][3]      | CK ^       | DFFQXLLVT   | 0.001 |   0.224 | 
     +------------------------------------------------------------------+ 


