###############################################################
#  Generated by:      Cadence Innovus 23.16-s070_1
#  OS:                Linux x86_64(Host ID vlsi5.localdomain)
#  Generated on:      Thu Apr  9 11:51:09 2026
#  Design:            memory
#  Command:           report_clock_timing -type skew -verbose >  ./reports/skew.rpt 
###############################################################

  Clock: mclk
  Analysis View: func_ss

        Skew	   Latency	     Clock Pin
---------------------------------------------------------------------------
            	     0.224	r    mem_reg[9][5]/CK
       0.020	     0.204	  r    rdata_o_reg[5]/CK

 Launch Clock latency Path
     Clock Rise Edge                      0.000
     + Drive Adjustment                   0.018
     = Beginpoint Arrival Time            0.018
     Other End Path:
     +------------------------------------------------------------------+ 
     |      Instance       |    Arc     |    Cell     | Delay |  Clock  | 
     |                     |            |             |       | Latency | 
     |---------------------+------------+-------------+-------+---------| 
     |                     | clk_i ^    |             |       |   0.018 | 
     | CTS_ccl_a_buf_00115 | A ^ -> Y ^ | CLKBUFX2LVT | 0.101 |   0.119 | 
     | CTS_ccl_a_buf_00081 | A ^ -> Y ^ | CLKBUFX2LVT | 0.105 |   0.224 | 
     | mem_reg[9][5]       | CK ^       | DFFQXLLVT   | 0.001 |   0.224 | 
     +------------------------------------------------------------------+ 
 Capture Clock latency Path
     Clock Rise Edge                      0.000
     + Drive Adjustment                   0.018
     = Beginpoint Arrival Time            0.018
     Other End Path:
     +------------------------------------------------------------------+ 
     |      Instance       |    Arc     |    Cell     | Delay |  Clock  | 
     |                     |            |             |       | Latency | 
     |---------------------+------------+-------------+-------+---------| 
     |                     | clk_i ^    |             |       |   0.018 | 
     | CTS_ccl_a_buf_00117 | A ^ -> Y ^ | CLKBUFX2LVT | 0.094 |   0.112 | 
     | CTS_ccl_a_buf_00091 | A ^ -> Y ^ | CLKBUFX2LVT | 0.092 |   0.204 | 
     | rdata_o_reg[5]      | CK ^       | DFFHQX2LVT  | 0.000 |   0.204 | 
     +------------------------------------------------------------------+ 

